<?xml version="1.0" encoding="UTF-8"?>
<!-- Generated by org.testng.reporters.JUnitReportReporter -->
<testsuite hostname="Vibha-PC" failures="0" tests="4" name="testCases.TestLoginDataProvider" time="58.714" errors="0" timestamp="03 Jul 2024 20:33:09 GMT" skipped="0">
  <testcase classname="testCases.TestLoginDataProvider" name="TestValidLogin" time="15.408"/>
  <testcase classname="testCases.TestLoginDataProvider" name="TestValidLogin" time="16.762"/>
  <testcase classname="testCases.TestLoginDataProvider" name="TestValidLogin" time="11.430"/>
  <testcase classname="testCases.TestLoginDataProvider" name="TestValidLogin" time="15.114"/>
</testsuite> <!-- testCases.TestLoginDataProvider -->
