<?xml version="1.0" encoding="UTF-8"?>
<!-- Generated by org.testng.reporters.JUnitReportReporter -->
<testsuite hostname="Vibha-PC" failures="0" tests="1" name="testCases.LoginWithParameters" time="14.319" errors="0" timestamp="28 Jun 2024 23:42:24 GMT" skipped="0">
  <testcase classname="testCases.LoginWithParameters" name="TestMultipleLogin" time="14.319"/>
</testsuite> <!-- testCases.LoginWithParameters -->
