<?xml version="1.0" encoding="UTF-8"?>
<!-- Generated by org.testng.reporters.JUnitReportReporter -->
<testsuite hostname="Vibha-PC" failures="0" tests="1" name="testCases.TestCaseLogin" time="2.285" errors="0" timestamp="02 Jul 2024 17:07:13 GMT" skipped="0">
  <testcase classname="testCases.TestCaseLogin" name="TestValidLogin" time="2.285"/>
</testsuite> <!-- testCases.TestCaseLogin -->
